2001   t = 10.0
2   t = 12.742749857031342
3   t = 16.237767391887218
4   t = 20.6913808111479
5   t = 26.366508987303583
6   t = 33.59818286283783
7   t = 42.81332398719393
8   t = 54.5559478116852
9   t = 69.51927961775606
10   t = 88.58667904100828
11   t = 112.88378916846895
12   t = 143.8449888287663
13   t = 183.29807108324357
14   t = 233.57214690901213
15   t = 297.63514416313194
16   t = 379.26901907322497
17   t = 483.2930238571752
18   t = 615.8482110660261
19   t = 784.7599703514614
20   t = 1000.0
