8001   p = 100.0
2   p = 126.48552168552958
3   p = 159.98587196060572
4   p = 202.35896477251575
5   p = 255.95479226995357
6   p = 323.74575428176433
7   p = 409.49150623804235
8   p = 517.9474679231213
9   p = 655.1285568595509
10   p = 828.6427728546843
11   p = 1048.1131341546852
12   p = 1325.7113655901096
13   p = 1676.8329368110083
14   p = 2120.9508879201903
15   p = 2682.6957952797247
16   p = 3393.2217718953298
17   p = 4291.934260128778
18   p = 5428.67543932386
19   p = 6866.488450042998
20   p = 8685.11373751353
21   p = 10985.411419875572
22   p = 13894.954943731389
23   p = 17575.10624854793
24   p = 22229.964825261955
25   p = 28117.68697974231
26   p = 35564.80306223129
27   p = 44984.32668969444
28   p = 56898.66029018293
29   p = 71968.56730011514
30   p = 91029.81779915227
31   p = 115139.53993264481
32   p = 145634.84775012443
33   p = 184206.99693267164
34   p = 232995.1810515372
35   p = 294705.170255181
36   p = 372759.3720314938
37   p = 471486.63634573895
38   p = 596362.3316594649
39   p = 754312.0063354623
40   p = 954095.4763499944
41   p = 1.2067926406393289e6
42   p = 1.5264179671752334e6
43   p = 1.9306977288832497e6
44   p = 2.4420530945486496e6
45   p = 3.0888435964774787e6
46   p = 3.906939937054621e6
47   p = 4.941713361323838e6
48   p = 6.250551925273976e6
49   p = 7.906043210907701e6
50   p = 1.0e7
